<?xml version="1.0" encoding="UTF-8"?>
<testsuite xmlns:xsi="http://www.w3.org/2001/XMLSchema-instance" xsi:noNamespaceSchemaLocation="https://maven.apache.org/surefire/maven-surefire-plugin/xsd/surefire-test-report-3.0.xsd" version="3.0" name="com.javareader.CodeAnalyzerTest" time="0.158" tests="6" errors="0" skipped="0" failures="0">
  <properties>
[...]
</properties>
  <testcase name="testConstantNameSuggestion" classname="com.javareader.CodeAnalyzerTest" time="0.059"/>
  <testcase name="testEmptyLineCheck" classname="com.javareader.CodeAnalyzerTest" time="0.001"/>
  <testcase name="testLineLengthCheck" classname="com.javareader.CodeAnalyzerTest" time="0.001"/>
  <testcase name="testRepeatedStringDetection" classname="com.javareader.CodeAnalyzerTest" time="0.001"/>
  <testcase name="testAnalyzerWithSampleFile" classname="com.javareader.CodeAnalyzerTest" time="0.068"/>
  <testcase name="testNamingConventionCheck" classname="com.javareader.CodeAnalyzerTest" time="0.001"/>
</testsuite>